Generated at 2016-03-10 02:31:04 +0000
Chef::Exceptions::EnclosingDirectoryDoesNotExist: template[/opt/tomcat/conf/tomcat-users.xml] (tomcat::default line 42) had an error: Chef::Exceptions::EnclosingDirectoryDoesNotExist: Parent directory /opt/tomcat/conf does not exist.
/opt/chef/embedded/lib/ruby/gems/2.1.0/gems/chef-12.7.2/lib/chef/mixin/why_run.rb:240:in `run'
/opt/chef/embedded/lib/ruby/gems/2.1.0/gems/chef-12.7.2/lib/chef/mixin/why_run.rb:321:in `block in run'
/opt/chef/embedded/lib/ruby/gems/2.1.0/gems/chef-12.7.2/lib/chef/mixin/why_run.rb:320:in `each'
/opt/chef/embedded/lib/ruby/gems/2.1.0/gems/chef-12.7.2/lib/chef/mixin/why_run.rb:320:in `run'
/opt/chef/embedded/lib/ruby/gems/2.1.0/gems/chef-12.7.2/lib/chef/provider.rb:154:in `process_resource_requirements'
/opt/chef/embedded/lib/ruby/gems/2.1.0/gems/chef-12.7.2/lib/chef/provider.rb:132:in `run_action'
/opt/chef/embedded/lib/ruby/gems/2.1.0/gems/chef-12.7.2/lib/chef/resource.rb:596:in `run_action'
/opt/chef/embedded/lib/ruby/gems/2.1.0/gems/chef-12.7.2/lib/chef/runner.rb:73:in `run_action'
/opt/chef/embedded/lib/ruby/gems/2.1.0/gems/chef-12.7.2/lib/chef/runner.rb:105:in `block (2 levels) in converge'
/opt/chef/embedded/lib/ruby/gems/2.1.0/gems/chef-12.7.2/lib/chef/runner.rb:105:in `each'
/opt/chef/embedded/lib/ruby/gems/2.1.0/gems/chef-12.7.2/lib/chef/runner.rb:105:in `block in converge'
/opt/chef/embedded/lib/ruby/gems/2.1.0/gems/chef-12.7.2/lib/chef/resource_collection/resource_list.rb:83:in `block in execute_each_resource'
/opt/chef/embedded/lib/ruby/gems/2.1.0/gems/chef-12.7.2/lib/chef/resource_collection/stepable_iterator.rb:116:in `call'
/opt/chef/embedded/lib/ruby/gems/2.1.0/gems/chef-12.7.2/lib/chef/resource_collection/stepable_iterator.rb:116:in `call_iterator_block'
/opt/chef/embedded/lib/ruby/gems/2.1.0/gems/chef-12.7.2/lib/chef/resource_collection/stepable_iterator.rb:85:in `step'
/opt/chef/embedded/lib/ruby/gems/2.1.0/gems/chef-12.7.2/lib/chef/resource_collection/stepable_iterator.rb:104:in `iterate'
/opt/chef/embedded/lib/ruby/gems/2.1.0/gems/chef-12.7.2/lib/chef/resource_collection/stepable_iterator.rb:55:in `each_with_index'
/opt/chef/embedded/lib/ruby/gems/2.1.0/gems/chef-12.7.2/lib/chef/resource_collection/resource_list.rb:81:in `execute_each_resource'
/opt/chef/embedded/lib/ruby/gems/2.1.0/gems/chef-12.7.2/lib/chef/runner.rb:104:in `converge'
/opt/chef/embedded/lib/ruby/gems/2.1.0/gems/chef-12.7.2/lib/chef/client.rb:668:in `block in converge'
/opt/chef/embedded/lib/ruby/gems/2.1.0/gems/chef-12.7.2/lib/chef/client.rb:663:in `catch'
/opt/chef/embedded/lib/ruby/gems/2.1.0/gems/chef-12.7.2/lib/chef/client.rb:663:in `converge'
/opt/chef/embedded/lib/ruby/gems/2.1.0/gems/chef-12.7.2/lib/chef/client.rb:702:in `converge_and_save'
/opt/chef/embedded/lib/ruby/gems/2.1.0/gems/chef-12.7.2/lib/chef/client.rb:280:in `run'
/opt/chef/embedded/lib/ruby/gems/2.1.0/gems/chef-12.7.2/lib/chef/application.rb:270:in `block in fork_chef_client'
/opt/chef/embedded/lib/ruby/gems/2.1.0/gems/chef-12.7.2/lib/chef/application.rb:258:in `fork'
/opt/chef/embedded/lib/ruby/gems/2.1.0/gems/chef-12.7.2/lib/chef/application.rb:258:in `fork_chef_client'
/opt/chef/embedded/lib/ruby/gems/2.1.0/gems/chef-12.7.2/lib/chef/application.rb:223:in `block in run_chef_client'
/opt/chef/embedded/lib/ruby/gems/2.1.0/gems/chef-12.7.2/lib/chef/local_mode.rb:44:in `with_server_connectivity'
/opt/chef/embedded/lib/ruby/gems/2.1.0/gems/chef-12.7.2/lib/chef/application.rb:211:in `run_chef_client'
/opt/chef/embedded/lib/ruby/gems/2.1.0/gems/chef-12.7.2/lib/chef/application/solo.rb:297:in `block in interval_run_chef_client'
/opt/chef/embedded/lib/ruby/gems/2.1.0/gems/chef-12.7.2/lib/chef/application/solo.rb:286:in `loop'
/opt/chef/embedded/lib/ruby/gems/2.1.0/gems/chef-12.7.2/lib/chef/application/solo.rb:286:in `interval_run_chef_client'
/opt/chef/embedded/lib/ruby/gems/2.1.0/gems/chef-12.7.2/lib/chef/application/solo.rb:265:in `run_application'
/opt/chef/embedded/lib/ruby/gems/2.1.0/gems/chef-12.7.2/lib/chef/application.rb:58:in `run'
/opt/chef/embedded/lib/ruby/gems/2.1.0/gems/chef-12.7.2/bin/chef-solo:25:in `<top (required)>'
/usr/bin/chef-solo:50:in `load'
/usr/bin/chef-solo:50:in `<main>'